Determining if the pthread_create exist failed with the following output:
Change Dir: /home/jb/stage_DL/projects_pytorch/custom_nnet/build/CMakeFiles/CMakeTmp

Run Build Command(s):/usr/bin/make cmTC_4f60b/fast 
/usr/bin/make -f CMakeFiles/cmTC_4f60b.dir/build.make CMakeFiles/cmTC_4f60b.dir/build
make[1]: Entering directory '/home/jb/stage_DL/projects_pytorch/custom_nnet/build/CMakeFiles/CMakeTmp'
Building C object CMakeFiles/cmTC_4f60b.dir/CheckSymbolExists.c.o
/usr/bin/cc    -o CMakeFiles/cmTC_4f60b.dir/CheckSymbolExists.c.o   -c /home/jb/stage_DL/projects_pytorch/custom_nnet/build/CMakeFiles/CMakeTmp/CheckSymbolExists.c
Linking C executable cmTC_4f60b
/usr/bin/cmake -E cmake_link_script CMakeFiles/cmTC_4f60b.dir/link.txt --verbose=1
/usr/bin/cc      -rdynamic CMakeFiles/cmTC_4f60b.dir/CheckSymbolExists.c.o  -o cmTC_4f60b 
/usr/bin/ld: CMakeFiles/cmTC_4f60b.dir/CheckSymbolExists.c.o: in function `main':
CheckSymbolExists.c:(.text+0x1b): undefined reference to `pthread_create'
collect2: error: ld returned 1 exit status
make[1]: *** [CMakeFiles/cmTC_4f60b.dir/build.make:87: cmTC_4f60b] Error 1
make[1]: Leaving directory '/home/jb/stage_DL/projects_pytorch/custom_nnet/build/CMakeFiles/CMakeTmp'
make: *** [Makefile:121: cmTC_4f60b/fast] Error 2

File /home/jb/stage_DL/projects_pytorch/custom_nnet/build/CMakeFiles/CMakeTmp/CheckSymbolExists.c:
/* */
#include <pthread.h>

int main(int argc, char** argv)
{
  (void)argv;
#ifndef pthread_create
  return ((int*)(&pthread_create))[argc];
#else
  (void)argc;
  return 0;
#endif
}

Determining if the function pthread_create exists in the pthreads failed with the following output:
Change Dir: /home/jb/stage_DL/projects_pytorch/custom_nnet/build/CMakeFiles/CMakeTmp

Run Build Command(s):/usr/bin/make cmTC_636a6/fast 
/usr/bin/make -f CMakeFiles/cmTC_636a6.dir/build.make CMakeFiles/cmTC_636a6.dir/build
make[1]: Entering directory '/home/jb/stage_DL/projects_pytorch/custom_nnet/build/CMakeFiles/CMakeTmp'
Building C object CMakeFiles/cmTC_636a6.dir/CheckFunctionExists.c.o
/usr/bin/cc   -DCHECK_FUNCTION_EXISTS=pthread_create   -o CMakeFiles/cmTC_636a6.dir/CheckFunctionExists.c.o   -c /usr/share/cmake-3.14/Modules/CheckFunctionExists.c
Linking C executable cmTC_636a6
/usr/bin/cmake -E cmake_link_script CMakeFiles/cmTC_636a6.dir/link.txt --verbose=1
/usr/bin/cc  -DCHECK_FUNCTION_EXISTS=pthread_create    -rdynamic CMakeFiles/cmTC_636a6.dir/CheckFunctionExists.c.o  -o cmTC_636a6 -lpthreads 
/usr/bin/ld: cannot find -lpthreads
collect2: error: ld returned 1 exit status
make[1]: *** [CMakeFiles/cmTC_636a6.dir/build.make:87: cmTC_636a6] Error 1
make[1]: Leaving directory '/home/jb/stage_DL/projects_pytorch/custom_nnet/build/CMakeFiles/CMakeTmp'
make: *** [Makefile:121: cmTC_636a6/fast] Error 2


