Determining if the pthread_create exist failed with the following output:
Change Dir: /home/jb/stage_DL/projects_pytorch/tutorials/build/CMakeFiles/CMakeTmp

Run Build Command(s):/usr/bin/make cmTC_c72e8/fast 
/usr/bin/make -f CMakeFiles/cmTC_c72e8.dir/build.make CMakeFiles/cmTC_c72e8.dir/build
make[1]: Entering directory '/home/jb/stage_DL/projects_pytorch/tutorials/build/CMakeFiles/CMakeTmp'
Building C object CMakeFiles/cmTC_c72e8.dir/CheckSymbolExists.c.o
/usr/bin/cc    -o CMakeFiles/cmTC_c72e8.dir/CheckSymbolExists.c.o   -c /home/jb/stage_DL/projects_pytorch/tutorials/build/CMakeFiles/CMakeTmp/CheckSymbolExists.c
Linking C executable cmTC_c72e8
/usr/bin/cmake -E cmake_link_script CMakeFiles/cmTC_c72e8.dir/link.txt --verbose=1
/usr/bin/cc      -rdynamic CMakeFiles/cmTC_c72e8.dir/CheckSymbolExists.c.o  -o cmTC_c72e8 
/usr/bin/ld: CMakeFiles/cmTC_c72e8.dir/CheckSymbolExists.c.o: in function `main':
CheckSymbolExists.c:(.text+0x1b): undefined reference to `pthread_create'
collect2: error: ld returned 1 exit status
make[1]: *** [CMakeFiles/cmTC_c72e8.dir/build.make:87: cmTC_c72e8] Error 1
make[1]: Leaving directory '/home/jb/stage_DL/projects_pytorch/tutorials/build/CMakeFiles/CMakeTmp'
make: *** [Makefile:121: cmTC_c72e8/fast] Error 2

File /home/jb/stage_DL/projects_pytorch/tutorials/build/CMakeFiles/CMakeTmp/CheckSymbolExists.c:
/* */
#include <pthread.h>

int main(int argc, char** argv)
{
  (void)argv;
#ifndef pthread_create
  return ((int*)(&pthread_create))[argc];
#else
  (void)argc;
  return 0;
#endif
}

Determining if the function pthread_create exists in the pthreads failed with the following output:
Change Dir: /home/jb/stage_DL/projects_pytorch/tutorials/build/CMakeFiles/CMakeTmp

Run Build Command(s):/usr/bin/make cmTC_b5538/fast 
/usr/bin/make -f CMakeFiles/cmTC_b5538.dir/build.make CMakeFiles/cmTC_b5538.dir/build
make[1]: Entering directory '/home/jb/stage_DL/projects_pytorch/tutorials/build/CMakeFiles/CMakeTmp'
Building C object CMakeFiles/cmTC_b5538.dir/CheckFunctionExists.c.o
/usr/bin/cc   -DCHECK_FUNCTION_EXISTS=pthread_create   -o CMakeFiles/cmTC_b5538.dir/CheckFunctionExists.c.o   -c /usr/share/cmake-3.14/Modules/CheckFunctionExists.c
Linking C executable cmTC_b5538
/usr/bin/cmake -E cmake_link_script CMakeFiles/cmTC_b5538.dir/link.txt --verbose=1
/usr/bin/cc  -DCHECK_FUNCTION_EXISTS=pthread_create    -rdynamic CMakeFiles/cmTC_b5538.dir/CheckFunctionExists.c.o  -o cmTC_b5538 -lpthreads 
/usr/bin/ld: cannot find -lpthreads
collect2: error: ld returned 1 exit status
make[1]: *** [CMakeFiles/cmTC_b5538.dir/build.make:87: cmTC_b5538] Error 1
make[1]: Leaving directory '/home/jb/stage_DL/projects_pytorch/tutorials/build/CMakeFiles/CMakeTmp'
make: *** [Makefile:121: cmTC_b5538/fast] Error 2


